2024-09-12 09:51:20.638 INFO  [main] org.example.Application : Starting Application using Java 18.0.2.1 with PID 14092 (C:\Users\18361\Desktop\study\spring-boot-study\spring-boot-logging\target\classes started by 18361 in C:\Users\18361\Desktop\study\spring-boot-study)
2024-09-12 09:51:20.643 INFO  [main] org.example.Application : No active profile set, falling back to 1 default profile: "default"
2024-09-12 09:51:21.352 INFO  [main] org.springframework.boot.web.embedded.tomcat.TomcatWebServer : Tomcat initialized with port 8080 (http)
2024-09-12 09:51:21.361 INFO  [main] org.apache.coyote.http11.Http11NioProtocol : Initializing ProtocolHandler ["http-nio-8080"]
2024-09-12 09:51:21.364 INFO  [main] org.apache.catalina.core.StandardService : Starting service [Tomcat]
2024-09-12 09:51:21.364 INFO  [main] org.apache.catalina.core.StandardEngine : Starting Servlet engine: [Apache Tomcat/10.1.28]
2024-09-12 09:51:21.422 INFO  [main] org.apache.catalina.core.ContainerBase.[Tomcat].[localhost].[/] : Initializing Spring embedded WebApplicationContext
2024-09-12 09:51:21.422 INFO  [main] org.springframework.boot.web.servlet.context.ServletWebServerApplicationContext : Root WebApplicationContext: initialization completed in 745 ms
2024-09-12 09:51:21.666 INFO  [main] org.apache.coyote.http11.Http11NioProtocol : Starting ProtocolHandler ["http-nio-8080"]
2024-09-12 09:51:21.669 WARN  [main] org.springframework.boot.web.servlet.context.AnnotationConfigServletWebServerApplicationContext : Exception encountered during context initialization - cancelling refresh attempt: org.springframework.context.ApplicationContextException: Failed to start bean 'webServerStartStop'
2024-09-12 09:51:21.679 INFO  [main] org.springframework.boot.autoconfigure.logging.ConditionEvaluationReportLogger : 

Error starting ApplicationContext. To display the condition evaluation report re-run your application with 'debug' enabled.
2024-09-12 09:51:21.693 ERROR [main] org.springframework.boot.diagnostics.LoggingFailureAnalysisReporter : 

***************************
APPLICATION FAILED TO START
***************************

Description:

Web server failed to start. Port 8080 was already in use.

Action:

Identify and stop the process that's listening on port 8080 or configure this application to listen on another port.

2024-09-12 09:55:52.634 INFO  [main] org.example.Application : Starting Application using Java 18.0.2.1 with PID 8456 (C:\Users\18361\Desktop\study\spring-boot-study\spring-boot-logging\target\classes started by 18361 in C:\Users\18361\Desktop\study\spring-boot-study)
2024-09-12 09:55:52.636 INFO  [main] org.example.Application : No active profile set, falling back to 1 default profile: "default"
2024-09-12 09:55:53.311 INFO  [main] org.springframework.boot.web.embedded.tomcat.TomcatWebServer : Tomcat initialized with port 8080 (http)
2024-09-12 09:55:53.320 INFO  [main] org.apache.coyote.http11.Http11NioProtocol : Initializing ProtocolHandler ["http-nio-8080"]
2024-09-12 09:55:53.324 INFO  [main] org.apache.catalina.core.StandardService : Starting service [Tomcat]
2024-09-12 09:55:53.324 INFO  [main] org.apache.catalina.core.StandardEngine : Starting Servlet engine: [Apache Tomcat/10.1.28]
2024-09-12 09:55:53.378 INFO  [main] org.apache.catalina.core.ContainerBase.[Tomcat].[localhost].[/] : Initializing Spring embedded WebApplicationContext
2024-09-12 09:55:53.378 INFO  [main] org.springframework.boot.web.servlet.context.ServletWebServerApplicationContext : Root WebApplicationContext: initialization completed in 712 ms
2024-09-12 09:55:53.616 INFO  [main] org.apache.coyote.http11.Http11NioProtocol : Starting ProtocolHandler ["http-nio-8080"]
2024-09-12 09:55:53.636 INFO  [main] org.springframework.boot.web.embedded.tomcat.TomcatWebServer : Tomcat started on port 8080 (http) with context path '/'
2024-09-12 09:55:53.641 INFO  [main] org.example.Application : Started Application in 1.461 seconds (process running for 1.956)
2024-09-12 09:56:24.990 INFO  [http-nio-8080-exec-1] org.apache.catalina.core.ContainerBase.[Tomcat].[localhost].[/] : Initializing Spring DispatcherServlet 'dispatcherServlet'
2024-09-12 09:56:24.991 INFO  [http-nio-8080-exec-1] org.springframework.web.servlet.DispatcherServlet : Initializing Servlet 'dispatcherServlet'
2024-09-12 09:56:24.992 INFO  [http-nio-8080-exec-1] org.springframework.web.servlet.DispatcherServlet : Completed initialization in 0 ms
2024-09-12 09:57:40.761 INFO  [http-nio-8080-exec-5] org.example.controller.LogController : This is a INFO log
2024-09-12 09:57:40.761 WARN  [http-nio-8080-exec-5] org.example.controller.LogController : This is a WARN log
2024-09-12 09:57:40.761 ERROR [http-nio-8080-exec-5] org.example.controller.LogController : This is a ERROR log
