2024-09-09 19:52:52.841 INFO  [main] org.example.Application : Starting Application using Java 18.0.2.1 with PID 21804 (C:\Users\18361\Desktop\study\spring-boot-study\spring-boot-logging\target\classes started by 18361 in C:\Users\18361\Desktop\study\spring-boot-study)
2024-09-09 19:52:52.843 INFO  [main] org.example.Application : No active profile set, falling back to 1 default profile: "default"
2024-09-09 19:52:53.504 INFO  [main] org.springframework.boot.web.embedded.tomcat.TomcatWebServer : Tomcat initialized with port 8080 (http)
2024-09-09 19:52:53.513 INFO  [main] org.apache.coyote.http11.Http11NioProtocol : Initializing ProtocolHandler ["http-nio-8080"]
2024-09-09 19:52:53.517 INFO  [main] org.apache.catalina.core.StandardService : Starting service [Tomcat]
2024-09-09 19:52:53.517 INFO  [main] org.apache.catalina.core.StandardEngine : Starting Servlet engine: [Apache Tomcat/10.1.28]
2024-09-09 19:52:53.571 INFO  [main] org.apache.catalina.core.ContainerBase.[Tomcat].[localhost].[/] : Initializing Spring embedded WebApplicationContext
2024-09-09 19:52:53.573 INFO  [main] org.springframework.boot.web.servlet.context.ServletWebServerApplicationContext : Root WebApplicationContext: initialization completed in 701 ms
2024-09-09 19:52:53.823 INFO  [main] org.apache.coyote.http11.Http11NioProtocol : Starting ProtocolHandler ["http-nio-8080"]
2024-09-09 19:52:53.828 WARN  [main] org.springframework.boot.web.servlet.context.AnnotationConfigServletWebServerApplicationContext : Exception encountered during context initialization - cancelling refresh attempt: org.springframework.context.ApplicationContextException: Failed to start bean 'webServerStartStop'
2024-09-09 19:52:53.838 INFO  [main] org.springframework.boot.autoconfigure.logging.ConditionEvaluationReportLogger : 

Error starting ApplicationContext. To display the condition evaluation report re-run your application with 'debug' enabled.
2024-09-09 19:52:53.853 ERROR [main] org.springframework.boot.diagnostics.LoggingFailureAnalysisReporter : 

***************************
APPLICATION FAILED TO START
***************************

Description:

Web server failed to start. Port 8080 was already in use.

Action:

Identify and stop the process that's listening on port 8080 or configure this application to listen on another port.

2024-09-09 19:55:11.372 INFO  [main] org.example.Application : Starting Application using Java 18.0.2.1 with PID 2860 (C:\Users\18361\Desktop\study\spring-boot-study\spring-boot-logging\target\classes started by 18361 in C:\Users\18361\Desktop\study\spring-boot-study)
2024-09-09 19:55:11.374 INFO  [main] org.example.Application : No active profile set, falling back to 1 default profile: "default"
2024-09-09 19:55:12.062 INFO  [main] org.springframework.boot.web.embedded.tomcat.TomcatWebServer : Tomcat initialized with port 8080 (http)
2024-09-09 19:55:12.071 INFO  [main] org.apache.coyote.http11.Http11NioProtocol : Initializing ProtocolHandler ["http-nio-8080"]
2024-09-09 19:55:12.074 INFO  [main] org.apache.catalina.core.StandardService : Starting service [Tomcat]
2024-09-09 19:55:12.074 INFO  [main] org.apache.catalina.core.StandardEngine : Starting Servlet engine: [Apache Tomcat/10.1.28]
2024-09-09 19:55:12.130 INFO  [main] org.apache.catalina.core.ContainerBase.[Tomcat].[localhost].[/] : Initializing Spring embedded WebApplicationContext
2024-09-09 19:55:12.130 INFO  [main] org.springframework.boot.web.servlet.context.ServletWebServerApplicationContext : Root WebApplicationContext: initialization completed in 725 ms
2024-09-09 19:55:12.367 INFO  [main] org.apache.coyote.http11.Http11NioProtocol : Starting ProtocolHandler ["http-nio-8080"]
2024-09-09 19:55:12.387 INFO  [main] org.springframework.boot.web.embedded.tomcat.TomcatWebServer : Tomcat started on port 8080 (http) with context path '/'
2024-09-09 19:55:12.393 INFO  [main] org.example.Application : Started Application in 1.492 seconds (process running for 1.957)
2024-09-09 19:55:25.830 INFO  [http-nio-8080-exec-1] org.apache.catalina.core.ContainerBase.[Tomcat].[localhost].[/] : Initializing Spring DispatcherServlet 'dispatcherServlet'
2024-09-09 19:55:25.831 INFO  [http-nio-8080-exec-1] org.springframework.web.servlet.DispatcherServlet : Initializing Servlet 'dispatcherServlet'
2024-09-09 19:55:25.831 INFO  [http-nio-8080-exec-1] org.springframework.web.servlet.DispatcherServlet : Completed initialization in 0 ms
2024-09-09 19:55:25.857 INFO  [http-nio-8080-exec-1] org.example.controller.LogController : This is a INFO log
2024-09-09 19:55:25.857 WARN  [http-nio-8080-exec-1] org.example.controller.LogController : This is a WARN log
2024-09-09 19:55:25.857 ERROR [http-nio-8080-exec-1] org.example.controller.LogController : This is a ERROR log
2024-09-09 19:55:35.441 INFO  [http-nio-8080-exec-2] org.example.controller.LogController : This is a INFO log
2024-09-09 19:55:35.441 WARN  [http-nio-8080-exec-2] org.example.controller.LogController : This is a WARN log
2024-09-09 19:55:35.441 ERROR [http-nio-8080-exec-2] org.example.controller.LogController : This is a ERROR log
2024-09-09 19:56:22.325 INFO  [main] org.example.Application : Starting Application using Java 18.0.2.1 with PID 13416 (C:\Users\18361\Desktop\study\spring-boot-study\spring-boot-logging\target\classes started by 18361 in C:\Users\18361\Desktop\study\spring-boot-study)
2024-09-09 19:56:22.327 INFO  [main] org.example.Application : No active profile set, falling back to 1 default profile: "default"
2024-09-09 19:56:23.149 INFO  [main] org.springframework.boot.web.embedded.tomcat.TomcatWebServer : Tomcat initialized with port 8080 (http)
2024-09-09 19:56:23.161 INFO  [main] org.apache.coyote.http11.Http11NioProtocol : Initializing ProtocolHandler ["http-nio-8080"]
2024-09-09 19:56:23.165 INFO  [main] org.apache.catalina.core.StandardService : Starting service [Tomcat]
2024-09-09 19:56:23.165 INFO  [main] org.apache.catalina.core.StandardEngine : Starting Servlet engine: [Apache Tomcat/10.1.28]
2024-09-09 19:56:23.234 INFO  [main] org.apache.catalina.core.ContainerBase.[Tomcat].[localhost].[/] : Initializing Spring embedded WebApplicationContext
2024-09-09 19:56:23.235 INFO  [main] org.springframework.boot.web.servlet.context.ServletWebServerApplicationContext : Root WebApplicationContext: initialization completed in 872 ms
2024-09-09 19:56:23.546 INFO  [main] org.apache.coyote.http11.Http11NioProtocol : Starting ProtocolHandler ["http-nio-8080"]
2024-09-09 19:56:23.572 INFO  [main] org.springframework.boot.web.embedded.tomcat.TomcatWebServer : Tomcat started on port 8080 (http) with context path '/'
2024-09-09 19:56:23.578 INFO  [main] org.example.Application : Started Application in 1.817 seconds (process running for 2.346)
2024-09-09 19:56:32.312 INFO  [http-nio-8080-exec-1] org.apache.catalina.core.ContainerBase.[Tomcat].[localhost].[/] : Initializing Spring DispatcherServlet 'dispatcherServlet'
2024-09-09 19:56:32.313 INFO  [http-nio-8080-exec-1] org.springframework.web.servlet.DispatcherServlet : Initializing Servlet 'dispatcherServlet'
2024-09-09 19:56:32.313 INFO  [http-nio-8080-exec-1] org.springframework.web.servlet.DispatcherServlet : Completed initialization in 0 ms
2024-09-09 19:56:32.347 INFO  [http-nio-8080-exec-1] org.example.controller.LogController : This is a INFO log
2024-09-09 19:56:32.347 WARN  [http-nio-8080-exec-1] org.example.controller.LogController : This is a WARN log
2024-09-09 19:56:32.347 ERROR [http-nio-8080-exec-1] org.example.controller.LogController : This is a ERROR log
2024-09-09 19:56:53.947 INFO  [http-nio-8080-exec-7] org.example.controller.LogController : This is a INFO log
2024-09-09 19:56:53.947 WARN  [http-nio-8080-exec-7] org.example.controller.LogController : This is a WARN log
2024-09-09 19:56:53.947 ERROR [http-nio-8080-exec-7] org.example.controller.LogController : This is a ERROR log
